# JRE version: OpenJDK Runtime Environment (8.0_242-b01) (build 1.8.0_242-release-1644-b01)
# Java VM: OpenJDK 64-Bit Server VM (25.242-b01 mixed mode windows-amd64 compressed oops)
Heap:
 PSYoungGen      total 120832K, used 32065K [0x00000000f5580000, 0x00000000ff000000, 0x0000000100000000)
  eden space 108544K, 18% used [0x00000000f5580000,0x00000000f68d1628,0x00000000fbf80000)
  from space 12288K, 99% used [0x00000000fbf80000,0x00000000fcb7f0d8,0x00000000fcb80000)
  to   space 15872K, 0% used [0x00000000fe080000,0x00000000fe080000,0x00000000ff000000)
 ParOldGen       total 191488K, used 23044K [0x00000000e0000000, 0x00000000ebb00000, 0x00000000f5580000)
  object space 191488K, 12% used [0x00000000e0000000,0x00000000e1681200,0x00000000ebb00000)
 Metaspace       used 50590K, capacity 52536K, committed 52608K, reserved 1095680K
  class space    used 6782K, capacity 7254K, committed 7296K, reserved 1048576K
GC Heap History (10 events):
Event: 14.059 GC heap before
{Heap before GC invocations=7 (full 1):
 PSYoungGen      total 76288K, used 73583K [0x00000000f5580000, 0x00000000fc380000, 0x0000000100000000)
  eden space 65536K, 100% used [0x00000000f5580000,0x00000000f9580000,0x00000000f9580000)
  from space 10752K, 74% used [0x00000000f9580000,0x00000000f9d5bfb8,0x00000000fa000000)
  to   space 12800K, 0% used [0x00000000fb700000,0x00000000fb700000,0x00000000fc380000)
 ParOldGen       total 175104K, used 7712K [0x00000000e0000000, 0x00000000eab00000, 0x00000000f5580000)
  object space 175104K, 4% used [0x00000000e0000000,0x00000000e07882e8,0x00000000eab00000)
 Metaspace       used 32193K, capacity 33132K, committed 33408K, reserved 1077248K
  class space    used 4357K, capacity 4626K, committed 4736K, reserved 1048576K
Event: 14.069 GC heap after
Heap after GC invocations=7 (full 1):
 PSYoungGen      total 93696K, used 8798K [0x00000000f5580000, 0x00000000fc000000, 0x0000000100000000)
  eden space 84480K, 0% used [0x00000000f5580000,0x00000000f5580000,0x00000000fa800000)
  from space 9216K, 95% used [0x00000000fb700000,0x00000000fbf97a60,0x00000000fc000000)
  to   space 12288K, 0% used [0x00000000fa800000,0x00000000fa800000,0x00000000fb400000)
 ParOldGen       total 175104K, used 7720K [0x00000000e0000000, 0x00000000eab00000, 0x00000000f5580000)
  object space 175104K, 4% used [0x00000000e0000000,0x00000000e078a2e8,0x00000000eab00000)
 Metaspace       used 32193K, capacity 33132K, committed 33408K, reserved 1077248K
  class space    used 4357K, capacity 4626K, committed 4736K, reserved 1048576K
}
Event: 15.510 GC heap before
{Heap before GC invocations=8 (full 1):
 PSYoungGen      total 93696K, used 50817K [0x00000000f5580000, 0x00000000fc000000, 0x0000000100000000)
  eden space 84480K, 49% used [0x00000000f5580000,0x00000000f7e88a40,0x00000000fa800000)
  from space 9216K, 95% used [0x00000000fb700000,0x00000000fbf97a60,0x00000000fc000000)
  to   space 12288K, 0% used [0x00000000fa800000,0x00000000fa800000,0x00000000fb400000)
 ParOldGen       total 175104K, used 7720K [0x00000000e0000000, 0x00000000eab00000, 0x00000000f5580000)
  object space 175104K, 4% used [0x00000000e0000000,0x00000000e078a2e8,0x00000000eab00000)
 Metaspace       used 34406K, capacity 35410K, committed 35456K, reserved 1079296K
  class space    used 4680K, capacity 4974K, committed 4992K, reserved 1048576K
Event: 15.517 GC heap after
Heap after GC invocations=8 (full 1):
 PSYoungGen      total 96768K, used 10019K [0x00000000f5580000, 0x00000000fd780000, 0x0000000100000000)
  eden space 84480K, 0% used [0x00000000f5580000,0x00000000f5580000,0x00000000fa800000)
  from space 12288K, 81% used [0x00000000fa800000,0x00000000fb1c8ed0,0x00000000fb400000)
  to   space 12288K, 0% used [0x00000000fcb80000,0x00000000fcb80000,0x00000000fd780000)
 ParOldGen       total 175104K, used 7728K [0x00000000e0000000, 0x00000000eab00000, 0x00000000f5580000)
  object space 175104K, 4% used [0x00000000e0000000,0x00000000e078c2e8,0x00000000eab00000)
 Metaspace       used 34406K, capacity 35410K, committed 35456K, reserved 1079296K
  class space    used 4680K, capacity 4974K, committed 4992K, reserved 1048576K
}
Event: 15.517 GC heap before
{Heap before GC invocations=9 (full 2):
 PSYoungGen      total 96768K, used 10019K [0x00000000f5580000, 0x00000000fd780000, 0x0000000100000000)
  eden space 84480K, 0% used [0x00000000f5580000,0x00000000f5580000,0x00000000fa800000)
  from space 12288K, 81% used [0x00000000fa800000,0x00000000fb1c8ed0,0x00000000fb400000)
  to   space 12288K, 0% used [0x00000000fcb80000,0x00000000fcb80000,0x00000000fd780000)
 ParOldGen       total 175104K, used 7728K [0x00000000e0000000, 0x00000000eab00000, 0x00000000f5580000)
  object space 175104K, 4% used [0x00000000e0000000,0x00000000e078c2e8,0x00000000eab00000)
 Metaspace       used 34406K, capacity 35410K, committed 35456K, reserved 1079296K
  class space    used 4680K, capacity 4974K, committed 4992K, reserved 1048576K
Event: 15.553 GC heap after
Heap after GC invocations=9 (full 2):
 PSYoungGen      total 96768K, used 0K [0x00000000f5580000, 0x00000000fd780000, 0x0000000100000000)
  eden space 84480K, 0% used [0x00000000f5580000,0x00000000f5580000,0x00000000fa800000)
  from space 12288K, 0% used [0x00000000fa800000,0x00000000fa800000,0x00000000fb400000)
  to   space 12288K, 0% used [0x00000000fcb80000,0x00000000fcb80000,0x00000000fd780000)
 ParOldGen       total 191488K, used 17127K [0x00000000e0000000, 0x00000000ebb00000, 0x00000000f5580000)
  object space 191488K, 8% used [0x00000000e0000000,0x00000000e10b9ee8,0x00000000ebb00000)
 Metaspace       used 34406K, capacity 35410K, committed 35456K, reserved 1079296K
  class space    used 4680K, capacity 4974K, committed 4992K, reserved 1048576K
}
Event: 22.373 GC heap before
{Heap before GC invocations=10 (full 2):
 PSYoungGen      total 96768K, used 84480K [0x00000000f5580000, 0x00000000fd780000, 0x0000000100000000)
  eden space 84480K, 100% used [0x00000000f5580000,0x00000000fa800000,0x00000000fa800000)
  from space 12288K, 0% used [0x00000000fa800000,0x00000000fa800000,0x00000000fb400000)
  to   space 12288K, 0% used [0x00000000fcb80000,0x00000000fcb80000,0x00000000fd780000)
 ParOldGen       total 191488K, used 17127K [0x00000000e0000000, 0x00000000ebb00000, 0x00000000f5580000)
  object space 191488K, 8% used [0x00000000e0000000,0x00000000e10b9ee8,0x00000000ebb00000)
 Metaspace       used 37739K, capacity 39340K, committed 39424K, reserved 1083392K
  class space    used 5205K, capacity 5602K, committed 5632K, reserved 1048576K
Event: 22.379 GC heap after
Heap after GC invocations=10 (full 2):
 PSYoungGen      total 120832K, used 6965K [0x00000000f5580000, 0x00000000fdb00000, 0x0000000100000000)
  eden space 108544K, 0% used [0x00000000f5580000,0x00000000f5580000,0x00000000fbf80000)
  from space 12288K, 56% used [0x00000000fcb80000,0x00000000fd24d660,0x00000000fd780000)
  to   space 12288K, 0% used [0x00000000fbf80000,0x00000000fbf80000,0x00000000fcb80000)
 ParOldGen       total 191488K, used 17135K [0x00000000e0000000, 0x00000000ebb00000, 0x00000000f5580000)
  object space 191488K, 8% used [0x00000000e0000000,0x00000000e10bbee8,0x00000000ebb00000)
 Metaspace       used 37739K, capacity 39340K, committed 39424K, reserved 1083392K
  class space    used 5205K, capacity 5602K, committed 5632K, reserved 1048576K
}
Event: 45.784 GC heap before
{Heap before GC invocations=11 (full 2):
 PSYoungGen      total 120832K, used 115509K [0x00000000f5580000, 0x00000000fdb00000, 0x0000000100000000)
  eden space 108544K, 100% used [0x00000000f5580000,0x00000000fbf80000,0x00000000fbf80000)
  from space 12288K, 56% used [0x00000000fcb80000,0x00000000fd24d660,0x00000000fd780000)
  to   space 12288K, 0% used [0x00000000fbf80000,0x00000000fbf80000,0x00000000fcb80000)
 ParOldGen       total 191488K, used 17135K [0x00000000e0000000, 0x00000000ebb00000, 0x00000000f5580000)
  object space 191488K, 8% used [0x00000000e0000000,0x00000000e10bbee8,0x00000000ebb00000)
 Metaspace       used 49970K, capacity 51842K, committed 51968K, reserved 1093632K
  class space    used 6679K, capacity 7134K, committed 7168K, reserved 1048576K
Event: 45.796 GC heap after
Heap after GC invocations=11 (full 2):
 PSYoungGen      total 120832K, used 12284K [0x00000000f5580000, 0x00000000ff000000, 0x0000000100000000)
  eden space 108544K, 0% used [0x00000000f5580000,0x00000000f5580000,0x00000000fbf80000)
  from space 12288K, 99% used [0x00000000fbf80000,0x00000000fcb7f0d8,0x00000000fcb80000)
  to   space 15872K, 0% used [0x00000000fe080000,0x00000000fe080000,0x00000000ff000000)
 ParOldGen       total 191488K, used 23044K [0x00000000e0000000, 0x00000000ebb00000, 0x00000000f5580000)
  object space 191488K, 12% used [0x00000000e0000000,0x00000000e1681200,0x00000000ebb00000)
 Metaspace       used 49970K, capacity 51842K, committed 51968K, reserved 1093632K
  class space    used 6679K, capacity 7134K, committed 7168K, reserved 1048576K
}

