# JRE version: OpenJDK Runtime Environment (8.0_242-b01) (build 1.8.0_242-release-1644-b01)
# Java VM: OpenJDK 64-Bit Server VM (25.242-b01 mixed mode windows-amd64 compressed oops)
Heap:
 PSYoungGen      total 112640K, used 18696K [0x00000000f5580000, 0x00000000fff80000, 0x0000000100000000)
  eden space 100352K, 18% used [0x00000000f5580000,0x00000000f67c2328,0x00000000fb780000)
  from space 12288K, 0% used [0x00000000fb780000,0x00000000fb780000,0x00000000fc380000)
  to   space 12288K, 0% used [0x00000000ff380000,0x00000000ff380000,0x00000000fff80000)
 ParOldGen       total 175104K, used 17108K [0x00000000e0000000, 0x00000000eab00000, 0x00000000f5580000)
  object space 175104K, 9% used [0x00000000e0000000,0x00000000e10b50d0,0x00000000eab00000)
 Metaspace       used 34980K, capacity 36114K, committed 36352K, reserved 1081344K
  class space    used 4805K, capacity 5093K, committed 5120K, reserved 1048576K
GC Heap History (10 events):
Event: 3.533 GC heap before
{Heap before GC invocations=5 (full 1):
 PSYoungGen      total 76288K, used 7802K [0x00000000f5580000, 0x00000000faa80000, 0x0000000100000000)
  eden space 65536K, 0% used [0x00000000f5580000,0x00000000f5580000,0x00000000f9580000)
  from space 10752K, 72% used [0x00000000fa000000,0x00000000fa79ea80,0x00000000faa80000)
  to   space 10752K, 0% used [0x00000000f9580000,0x00000000f9580000,0x00000000fa000000)
 ParOldGen       total 175104K, used 1587K [0x00000000e0000000, 0x00000000eab00000, 0x00000000f5580000)
  object space 175104K, 0% used [0x00000000e0000000,0x00000000e018ce08,0x00000000eab00000)
 Metaspace       used 20465K, capacity 21146K, committed 21296K, reserved 1067008K
  class space    used 2879K, capacity 3093K, committed 3200K, reserved 1048576K
Event: 3.556 GC heap after
Heap after GC invocations=5 (full 1):
 PSYoungGen      total 76288K, used 0K [0x00000000f5580000, 0x00000000faa80000, 0x0000000100000000)
  eden space 65536K, 0% used [0x00000000f5580000,0x00000000f5580000,0x00000000f9580000)
  from space 10752K, 0% used [0x00000000fa000000,0x00000000fa000000,0x00000000faa80000)
  to   space 10752K, 0% used [0x00000000f9580000,0x00000000f9580000,0x00000000fa000000)
 ParOldGen       total 175104K, used 7648K [0x00000000e0000000, 0x00000000eab00000, 0x00000000f5580000)
  object space 175104K, 4% used [0x00000000e0000000,0x00000000e0778360,0x00000000eab00000)
 Metaspace       used 20465K, capacity 21146K, committed 21296K, reserved 1067008K
  class space    used 2879K, capacity 3093K, committed 3200K, reserved 1048576K
}
Event: 5.865 GC heap before
{Heap before GC invocations=6 (full 1):
 PSYoungGen      total 76288K, used 65536K [0x00000000f5580000, 0x00000000faa80000, 0x0000000100000000)
  eden space 65536K, 100% used [0x00000000f5580000,0x00000000f9580000,0x00000000f9580000)
  from space 10752K, 0% used [0x00000000fa000000,0x00000000fa000000,0x00000000faa80000)
  to   space 10752K, 0% used [0x00000000f9580000,0x00000000f9580000,0x00000000fa000000)
 ParOldGen       total 175104K, used 7648K [0x00000000e0000000, 0x00000000eab00000, 0x00000000f5580000)
  object space 175104K, 4% used [0x00000000e0000000,0x00000000e0778360,0x00000000eab00000)
 Metaspace       used 27980K, capacity 28732K, committed 29056K, reserved 1075200K
  class space    used 3861K, capacity 4103K, committed 4224K, reserved 1048576K
Event: 5.871 GC heap after
Heap after GC invocations=6 (full 1):
 PSYoungGen      total 76288K, used 8045K [0x00000000f5580000, 0x00000000fd000000, 0x0000000100000000)
  eden space 65536K, 0% used [0x00000000f5580000,0x00000000f5580000,0x00000000f9580000)
  from space 10752K, 74% used [0x00000000f9580000,0x00000000f9d5b7c8,0x00000000fa000000)
  to   space 12800K, 0% used [0x00000000fc380000,0x00000000fc380000,0x00000000fd000000)
 ParOldGen       total 175104K, used 7656K [0x00000000e0000000, 0x00000000eab00000, 0x00000000f5580000)
  object space 175104K, 4% used [0x00000000e0000000,0x00000000e077a360,0x00000000eab00000)
 Metaspace       used 27980K, capacity 28732K, committed 29056K, reserved 1075200K
  class space    used 3861K, capacity 4103K, committed 4224K, reserved 1048576K
}
Event: 6.857 GC heap before
{Heap before GC invocations=7 (full 1):
 PSYoungGen      total 76288K, used 73581K [0x00000000f5580000, 0x00000000fd000000, 0x0000000100000000)
  eden space 65536K, 100% used [0x00000000f5580000,0x00000000f9580000,0x00000000f9580000)
  from space 10752K, 74% used [0x00000000f9580000,0x00000000f9d5b7c8,0x00000000fa000000)
  to   space 12800K, 0% used [0x00000000fc380000,0x00000000fc380000,0x00000000fd000000)
 ParOldGen       total 175104K, used 7656K [0x00000000e0000000, 0x00000000eab00000, 0x00000000f5580000)
  object space 175104K, 4% used [0x00000000e0000000,0x00000000e077a360,0x00000000eab00000)
 Metaspace       used 32170K, capacity 33170K, committed 33408K, reserved 1077248K
  class space    used 4362K, capacity 4664K, committed 4736K, reserved 1048576K
Event: 6.865 GC heap after
Heap after GC invocations=7 (full 1):
 PSYoungGen      total 113152K, used 8825K [0x00000000f5580000, 0x00000000fd000000, 0x0000000100000000)
  eden space 100352K, 0% used [0x00000000f5580000,0x00000000f5580000,0x00000000fb780000)
  from space 12800K, 68% used [0x00000000fc380000,0x00000000fcc1e6e8,0x00000000fd000000)
  to   space 12288K, 0% used [0x00000000fb780000,0x00000000fb780000,0x00000000fc380000)
 ParOldGen       total 175104K, used 7664K [0x00000000e0000000, 0x00000000eab00000, 0x00000000f5580000)
  object space 175104K, 4% used [0x00000000e0000000,0x00000000e077c360,0x00000000eab00000)
 Metaspace       used 32170K, capacity 33170K, committed 33408K, reserved 1077248K
  class space    used 4362K, capacity 4664K, committed 4736K, reserved 1048576K
}
Event: 7.430 GC heap before
{Heap before GC invocations=8 (full 1):
 PSYoungGen      total 113152K, used 51248K [0x00000000f5580000, 0x00000000fd000000, 0x0000000100000000)
  eden space 100352K, 42% used [0x00000000f5580000,0x00000000f7eedbc0,0x00000000fb780000)
  from space 12800K, 68% used [0x00000000fc380000,0x00000000fcc1e6e8,0x00000000fd000000)
  to   space 12288K, 0% used [0x00000000fb780000,0x00000000fb780000,0x00000000fc380000)
 ParOldGen       total 175104K, used 7664K [0x00000000e0000000, 0x00000000eab00000, 0x00000000f5580000)
  object space 175104K, 4% used [0x00000000e0000000,0x00000000e077c360,0x00000000eab00000)
 Metaspace       used 34393K, capacity 35378K, committed 35456K, reserved 1079296K
  class space    used 4680K, capacity 4942K, committed 4992K, reserved 1048576K
Event: 7.438 GC heap after
Heap after GC invocations=8 (full 1):
 PSYoungGen      total 112640K, used 10042K [0x00000000f5580000, 0x00000000fff80000, 0x0000000100000000)
  eden space 100352K, 0% used [0x00000000f5580000,0x00000000f5580000,0x00000000fb780000)
  from space 12288K, 81% used [0x00000000fb780000,0x00000000fc14e9c0,0x00000000fc380000)
  to   space 12288K, 0% used [0x00000000ff380000,0x00000000ff380000,0x00000000fff80000)
 ParOldGen       total 175104K, used 7672K [0x00000000e0000000, 0x00000000eab00000, 0x00000000f5580000)
  object space 175104K, 4% used [0x00000000e0000000,0x00000000e077e360,0x00000000eab00000)
 Metaspace       used 34393K, capacity 35378K, committed 35456K, reserved 1079296K
  class space    used 4680K, capacity 4942K, committed 4992K, reserved 1048576K
}
Event: 7.438 GC heap before
{Heap before GC invocations=9 (full 2):
 PSYoungGen      total 112640K, used 10042K [0x00000000f5580000, 0x00000000fff80000, 0x0000000100000000)
  eden space 100352K, 0% used [0x00000000f5580000,0x00000000f5580000,0x00000000fb780000)
  from space 12288K, 81% used [0x00000000fb780000,0x00000000fc14e9c0,0x00000000fc380000)
  to   space 12288K, 0% used [0x00000000ff380000,0x00000000ff380000,0x00000000fff80000)
 ParOldGen       total 175104K, used 7672K [0x00000000e0000000, 0x00000000eab00000, 0x00000000f5580000)
  object space 175104K, 4% used [0x00000000e0000000,0x00000000e077e360,0x00000000eab00000)
 Metaspace       used 34393K, capacity 35378K, committed 35456K, reserved 1079296K
  class space    used 4680K, capacity 4942K, committed 4992K, reserved 1048576K
Event: 7.484 GC heap after
Heap after GC invocations=9 (full 2):
 PSYoungGen      total 112640K, used 0K [0x00000000f5580000, 0x00000000fff80000, 0x0000000100000000)
  eden space 100352K, 0% used [0x00000000f5580000,0x00000000f5580000,0x00000000fb780000)
  from space 12288K, 0% used [0x00000000fb780000,0x00000000fb780000,0x00000000fc380000)
  to   space 12288K, 0% used [0x00000000ff380000,0x00000000ff380000,0x00000000fff80000)
 ParOldGen       total 175104K, used 17108K [0x00000000e0000000, 0x00000000eab00000, 0x00000000f5580000)
  object space 175104K, 9% used [0x00000000e0000000,0x00000000e10b50d0,0x00000000eab00000)
 Metaspace       used 34393K, capacity 35378K, committed 35456K, reserved 1079296K
  class space    used 4680K, capacity 4942K, committed 4992K, reserved 1048576K
}

